19-Dec-2024 22:37:57.298 INFO [main] org.apache.catalina.startup.VersionLoggerListener.log Server version name:   Apache Tomcat/10.1.1
19-Dec-2024 22:37:57.356 INFO [main] org.apache.catalina.startup.VersionLoggerListener.log Server built:          Oct 3 2022 12:42:14 UTC
19-Dec-2024 22:37:57.358 INFO [main] org.apache.catalina.startup.VersionLoggerListener.log Server version number: 10.1.1.0
19-Dec-2024 22:37:57.359 INFO [main] org.apache.catalina.startup.VersionLoggerListener.log OS Name:               Windows 11
19-Dec-2024 22:37:57.363 INFO [main] org.apache.catalina.startup.VersionLoggerListener.log OS Version:            10.0
19-Dec-2024 22:37:57.370 INFO [main] org.apache.catalina.startup.VersionLoggerListener.log Architecture:          amd64
19-Dec-2024 22:37:57.371 INFO [main] org.apache.catalina.startup.VersionLoggerListener.log Java Home:             C:\Users\HP\.jdks\openjdk-22.0.1
19-Dec-2024 22:37:57.371 INFO [main] org.apache.catalina.startup.VersionLoggerListener.log JVM Version:           22.0.1+8-16
19-Dec-2024 22:37:57.372 INFO [main] org.apache.catalina.startup.VersionLoggerListener.log JVM Vendor:            Oracle Corporation
19-Dec-2024 22:37:57.374 INFO [main] org.apache.catalina.startup.VersionLoggerListener.log CATALINA_BASE:         C:\Users\HP\eclipse-workspace\SpringMVCApp
19-Dec-2024 22:37:57.377 INFO [main] org.apache.catalina.startup.VersionLoggerListener.log CATALINA_HOME:         C:\my server\apache-tomcat-10.1.1
19-Dec-2024 22:37:57.412 INFO [main] org.apache.catalina.startup.VersionLoggerListener.log Command line argument: --add-opens=java.base/java.lang=ALL-UNNAMED
19-Dec-2024 22:37:57.413 INFO [main] org.apache.catalina.startup.VersionLoggerListener.log Command line argument: --add-opens=java.base/java.io=ALL-UNNAMED
19-Dec-2024 22:37:57.413 INFO [main] org.apache.catalina.startup.VersionLoggerListener.log Command line argument: --add-opens=java.base/java.util=ALL-UNNAMED
19-Dec-2024 22:37:57.414 INFO [main] org.apache.catalina.startup.VersionLoggerListener.log Command line argument: --add-opens=java.base/java.util.concurrent=ALL-UNNAMED
19-Dec-2024 22:37:57.414 INFO [main] org.apache.catalina.startup.VersionLoggerListener.log Command line argument: --add-opens=java.rmi/sun.rmi.transport=ALL-UNNAMED
19-Dec-2024 22:37:57.415 INFO [main] org.apache.catalina.startup.VersionLoggerListener.log Command line argument: -Dcatalina.home=C:\my server\apache-tomcat-10.1.1
19-Dec-2024 22:37:57.415 INFO [main] org.apache.catalina.startup.VersionLoggerListener.log Command line argument: -Dcatalina.base=C:\Users\HP\eclipse-workspace\SpringMVCApp
19-Dec-2024 22:37:57.416 INFO [main] org.apache.catalina.startup.VersionLoggerListener.log Command line argument: -Djava.io.tmpdir=C:\Users\HP\eclipse-workspace\SpringMVCApp\temp
19-Dec-2024 22:37:57.417 INFO [main] org.apache.catalina.startup.VersionLoggerListener.log Command line argument: -Djava.util.logging.config.file=C:\Users\HP\eclipse-workspace\SpringMVCApp\conf\logging.properties
19-Dec-2024 22:37:57.417 INFO [main] org.apache.catalina.startup.VersionLoggerListener.log Command line argument: -Djava.util.logging.manager=org.apache.juli.ClassLoaderLogManager
19-Dec-2024 22:37:57.418 INFO [main] org.apache.catalina.startup.VersionLoggerListener.log Command line argument: -javaagent:C:\Program Files\JetBrains\IntelliJ IDEA Community Edition 2024.1.1\lib\idea_rt.jar=54994:C:\Program Files\JetBrains\IntelliJ IDEA Community Edition 2024.1.1\bin
19-Dec-2024 22:37:57.418 INFO [main] org.apache.catalina.startup.VersionLoggerListener.log Command line argument: -Dfile.encoding=UTF-8
19-Dec-2024 22:37:57.418 INFO [main] org.apache.catalina.startup.VersionLoggerListener.log Command line argument: -Dsun.stdout.encoding=UTF-8
19-Dec-2024 22:37:57.419 INFO [main] org.apache.catalina.startup.VersionLoggerListener.log Command line argument: -Dsun.stderr.encoding=UTF-8
19-Dec-2024 22:37:57.445 INFO [main] org.apache.catalina.core.AprLifecycleListener.lifecycleEvent The Apache Tomcat Native library which allows using OpenSSL was not found on the java.library.path: [C:\Users\HP\.jdks\openjdk-22.0.1\bin;C:\WINDOWS\Sun\Java\bin;C:\WINDOWS\system32;C:\WINDOWS;C:\Java\jdk-17_windows-x64_bin.exe;C:\oraclexe\app\oracle\product\11.2.0\server\bin;C:\Program Files\Common Files\Oracle\Java\javapath;C:\WINDOWS\system32;C:\WINDOWS;C:\WINDOWS\System32\Wbem;C:\WINDOWS\System32\WindowsPowerShell\v1.0\;C:\WINDOWS\System32\OpenSSH\;C:\Java\jdk1.8.0_202\bin;C:\Program Files\Git\cmd;C:\Program Files\nodejs\;C:\Program Files\MySQL\MySQL Shell 8.0\bin\;"C:\Users\HP\AppData\Local\Microsoft\WindowsApps;C:\Java\jdk1.8.0_202\bin";C:\Java\jre1.8.0_202\bin;C:\Users\HP\AppData\Local\Programs\Microsoft VS Code\bin;C:\Program Files\JetBrains\IntelliJ IDEA Community Edition 2024.1.1\bin;;C:\Users\HP\AppData\Roaming\npm;.]
19-Dec-2024 22:37:58.992 INFO [main] org.apache.coyote.AbstractProtocol.init Initializing ProtocolHandler ["http-nio-9494"]
19-Dec-2024 22:37:59.060 SEVERE [main] org.apache.catalina.util.LifecycleBase.handleSubClassException Failed to initialize component [Connector[HTTP/1.1-9494]]
	org.apache.catalina.LifecycleException: Protocol handler initialization failed
		at org.apache.catalina.connector.Connector.initInternal(Connector.java:1059)
		at org.apache.catalina.util.LifecycleBase.init(LifecycleBase.java:136)
		at org.apache.catalina.core.StandardService.initInternal(StandardService.java:556)
		at org.apache.catalina.util.LifecycleBase.init(LifecycleBase.java:136)
		at org.apache.catalina.core.StandardServer.initInternal(StandardServer.java:1015)
		at org.apache.catalina.util.LifecycleBase.init(LifecycleBase.java:136)
		at org.apache.catalina.startup.Catalina.load(Catalina.java:747)
		at org.apache.catalina.startup.Catalina.load(Catalina.java:769)
		at java.base/jdk.internal.reflect.DirectMethodHandleAccessor.invoke(DirectMethodHandleAccessor.java:103)
		at java.base/java.lang.reflect.Method.invoke(Method.java:580)
		at org.apache.catalina.startup.Bootstrap.load(Bootstrap.java:305)
		at org.apache.catalina.startup.Bootstrap.main(Bootstrap.java:475)
	Caused by: java.net.BindException: Address already in use: bind
		at java.base/sun.nio.ch.Net.bind0(Native Method)
		at java.base/sun.nio.ch.Net.bind(Net.java:565)
		at java.base/sun.nio.ch.ServerSocketChannelImpl.netBind(ServerSocketChannelImpl.java:344)
		at java.base/sun.nio.ch.ServerSocketChannelImpl.bind(ServerSocketChannelImpl.java:301)
		at org.apache.tomcat.util.net.NioEndpoint.initServerSocket(NioEndpoint.java:246)
		at org.apache.tomcat.util.net.NioEndpoint.bind(NioEndpoint.java:201)
		at org.apache.tomcat.util.net.AbstractEndpoint.bindWithCleanup(AbstractEndpoint.java:1172)
		at org.apache.tomcat.util.net.AbstractEndpoint.init(AbstractEndpoint.java:1185)
		at org.apache.coyote.AbstractProtocol.init(AbstractProtocol.java:577)
		at org.apache.coyote.http11.AbstractHttp11Protocol.init(AbstractHttp11Protocol.java:79)
		at org.apache.catalina.connector.Connector.initInternal(Connector.java:1056)
		... 11 more
19-Dec-2024 22:37:59.065 INFO [main] org.apache.catalina.startup.Catalina.load Server initialization in [2650] milliseconds
19-Dec-2024 22:37:59.443 INFO [main] org.apache.catalina.core.StandardService.startInternal Starting service [Catalina]
19-Dec-2024 22:37:59.444 INFO [main] org.apache.catalina.core.StandardEngine.startInternal Starting Servlet engine: [Apache Tomcat/10.1.1]
19-Dec-2024 22:37:59.497 INFO [main] org.apache.catalina.startup.HostConfig.deployDescriptor Deploying deployment descriptor [C:\Users\HP\eclipse-workspace\SpringMVCApp\conf\Catalina\localhost\MyWebApp.xml]
19-Dec-2024 22:38:04.175 INFO [main] org.apache.jasper.servlet.TldScanner.scanJars At least one JAR was scanned for TLDs yet contained no TLDs. Enable debug logging for this logger for a complete list of JARs that were scanned but no TLDs were found in them. Skipping unneeded JARs during scanning can improve startup time and JSP compilation time.
19-Dec-2024 22:38:04.436 INFO [main] org.apache.catalina.startup.HostConfig.deployDescriptor Deployment of deployment descriptor [C:\Users\HP\eclipse-workspace\SpringMVCApp\conf\Catalina\localhost\MyWebApp.xml] has finished in [4,938] ms
19-Dec-2024 22:38:04.450 INFO [main] org.apache.catalina.startup.Catalina.start Server startup in [5379] milliseconds
19-Dec-2024 22:38:04.476 SEVERE [main] org.apache.catalina.core.StandardServer.await Failed to create server shutdown socket on address [localhost] and port [8005] (base port [8005] and offset [0])
	java.net.BindException: Address already in use: bind
		at java.base/sun.nio.ch.Net.bind0(Native Method)
		at java.base/sun.nio.ch.Net.bind(Net.java:565)
		at java.base/sun.nio.ch.Net.bind(Net.java:554)
		at java.base/sun.nio.ch.NioSocketImpl.bind(NioSocketImpl.java:636)
		at java.base/java.net.ServerSocket.bind(ServerSocket.java:390)
		at java.base/java.net.ServerSocket.<init>(ServerSocket.java:277)
		at org.apache.catalina.core.StandardServer.await(StandardServer.java:576)
		at org.apache.catalina.startup.Catalina.await(Catalina.java:887)
		at org.apache.catalina.startup.Catalina.start(Catalina.java:833)
		at java.base/jdk.internal.reflect.DirectMethodHandleAccessor.invoke(DirectMethodHandleAccessor.java:103)
		at java.base/java.lang.reflect.Method.invoke(Method.java:580)
		at org.apache.catalina.startup.Bootstrap.start(Bootstrap.java:345)
		at org.apache.catalina.startup.Bootstrap.main(Bootstrap.java:476)
19-Dec-2024 22:38:04.478 INFO [main] org.apache.coyote.AbstractProtocol.pause Pausing ProtocolHandler ["http-nio-9494"]
19-Dec-2024 22:38:04.478 INFO [main] org.apache.catalina.core.StandardService.stopInternal Stopping service [Catalina]
19-Dec-2024 22:38:04.509 INFO [main] org.apache.coyote.AbstractProtocol.stop Stopping ProtocolHandler ["http-nio-9494"]
19-Dec-2024 22:38:04.510 INFO [main] org.apache.coyote.AbstractProtocol.destroy Destroying ProtocolHandler ["http-nio-9494"]
